<?xml version="1.0" encoding="UTF-8"?>
<testsuite name="practice10.Practice10Test" tests="1" skipped="0" failures="0" errors="0" timestamp="2021-12-01T13:17:53" hostname="TAMMA-W10" time="0.06">
  <properties/>
  <testcase name="should_teacher_be_notified_when_any_class_it_teaches_assigned_a_leader()" classname="practice10.Practice10Test" time="0.06"/>
  <system-out><![CDATA[]]></system-out>
  <system-err><![CDATA[]]></system-err>
</testsuite>
